{"C:\\Users\\Natalia\\Documents\\React\\Harbiz_recruit-challanges-main\\calendar-spots\\src\\index.ts": {"path":"C:\\Users\\Natalia\\Documents\\React\\Harbiz_recruit-challanges-main\\calendar-spots\\src\\index.ts","statementMap":{"0":{"start":{"line":10,"column":0},"end":{"line":10,"column":16}},"1":{"start":{"line":2,"column":0},"end":{"line":2,"column":52}},"2":{"start":{"line":3,"column":0},"end":{"line":3,"column":45}},"3":{"start":{"line":4,"column":0},"end":{"line":4,"column":49}},"4":{"start":{"line":5,"column":0},"end":{"line":5,"column":57}},"5":{"start":{"line":6,"column":0},"end":{"line":6,"column":51}},"6":{"start":{"line":11,"column":21},"end":{"line":11,"column":37}},"7":{"start":{"line":12,"column":22},"end":{"line":12,"column":39}},"8":{"start":{"line":13,"column":22},"end":{"line":13,"column":50}},"9":{"start":{"line":14,"column":25},"end":{"line":14,"column":56}},"10":{"start":{"line":16,"column":14},"end":{"line":21,"column":null}},"11":{"start":{"line":24,"column":2},"end":{"line":24,"column":48}},"12":{"start":{"line":28,"column":0},"end":{"line":28,"column":52}}},"fnMap":{"0":{"name":"getAvailableSpots","decl":{"start":{"line":10,"column":16},"end":{"line":10,"column":33}},"loc":{"start":{"line":10,"column":82},"end":{"line":25,"column":1}}}},"branchMap":{},"s":{"0":1,"1":1,"2":1,"3":1,"4":1,"5":1,"6":4,"7":4,"8":4,"9":4,"10":4,"11":4,"12":1},"f":{"0":4},"b":{}}
,"C:\\Users\\Natalia\\Documents\\React\\Harbiz_recruit-challanges-main\\calendar-spots\\src\\helpers\\DateHandler.ts": {"path":"C:\\Users\\Natalia\\Documents\\React\\Harbiz_recruit-challanges-main\\calendar-spots\\src\\helpers\\DateHandler.ts","statementMap":{"0":{"start":{"line":1,"column":0},"end":{"line":1,"column":69}},"1":{"start":{"line":2,"column":0},"end":{"line":2,"column":44}},"2":{"start":{"line":17,"column":23},"end":{"line":17,"column":82}},"3":{"start":{"line":18,"column":4},"end":{"line":18,"column":48}},"4":{"start":{"line":22,"column":4},"end":{"line":22,"column":71}},"5":{"start":{"line":26,"column":4},"end":{"line":26,"column":35}},"6":{"start":{"line":30,"column":4},"end":{"line":30,"column":62}},"7":{"start":{"line":34,"column":4},"end":{"line":37,"column":78}},"8":{"start":{"line":41,"column":26},"end":{"line":41,"column":28}},"9":{"start":{"line":42,"column":4},"end":{"line":44,"column":5}},"10":{"start":{"line":43,"column":6},"end":{"line":43,"column":110}},"11":{"start":{"line":45,"column":4},"end":{"line":47,"column":5}},"12":{"start":{"line":46,"column":6},"end":{"line":46,"column":106}},"13":{"start":{"line":48,"column":4},"end":{"line":48,"column":17}},"14":{"start":{"line":15,"column":0},"end":{"line":15,"column":13}}},"fnMap":{"0":{"name":"(anonymous_0)","decl":{"start":{"line":16,"column":2},"end":{"line":16,"column":15}},"loc":{"start":{"line":16,"column":45},"end":{"line":19,"column":3}}},"1":{"name":"(anonymous_1)","decl":{"start":{"line":21,"column":2},"end":{"line":21,"column":17}},"loc":{"start":{"line":21,"column":30},"end":{"line":23,"column":3}}},"2":{"name":"(anonymous_2)","decl":{"start":{"line":25,"column":2},"end":{"line":25,"column":12}},"loc":{"start":{"line":25,"column":42},"end":{"line":27,"column":3}}},"3":{"name":"(anonymous_3)","decl":{"start":{"line":29,"column":2},"end":{"line":29,"column":9}},"loc":{"start":{"line":29,"column":53},"end":{"line":31,"column":3}}},"4":{"name":"(anonymous_4)","decl":{"start":{"line":33,"column":2},"end":{"line":33,"column":14}},"loc":{"start":{"line":33,"column":83},"end":{"line":38,"column":3}}},"5":{"name":"(anonymous_5)","decl":{"start":{"line":40,"column":2},"end":{"line":40,"column":20}},"loc":{"start":{"line":40,"column":89},"end":{"line":49,"column":3}}}},"branchMap":{"0":{"loc":{"start":{"line":34,"column":11},"end":{"line":37,"column":77}},"type":"binary-expr","locations":[{"start":{"line":34,"column":12},"end":{"line":34,"column":44}},{"start":{"line":34,"column":48},"end":{"line":34,"column":77}},{"start":{"line":35,"column":12},"end":{"line":35,"column":44}},{"start":{"line":35,"column":48},"end":{"line":35,"column":77}},{"start":{"line":36,"column":12},"end":{"line":36,"column":44}},{"start":{"line":36,"column":48},"end":{"line":36,"column":76}},{"start":{"line":37,"column":12},"end":{"line":37,"column":44}},{"start":{"line":37,"column":48},"end":{"line":37,"column":76}}]},"1":{"loc":{"start":{"line":42,"column":4},"end":{"line":44,"column":5}},"type":"if","locations":[{"start":{"line":42,"column":4},"end":{"line":44,"column":5}}]},"2":{"loc":{"start":{"line":45,"column":4},"end":{"line":47,"column":5}},"type":"if","locations":[{"start":{"line":45,"column":4},"end":{"line":47,"column":5}}]}},"s":{"0":1,"1":1,"2":94,"3":94,"4":4,"5":3,"6":7,"7":15,"8":5,"9":5,"10":0,"11":5,"12":0,"13":5,"14":1},"f":{"0":94,"1":4,"2":3,"3":7,"4":15,"5":5},"b":{"0":[15,3,15,5,15,3,15,5],"1":[0],"2":[0]}}
,"C:\\Users\\Natalia\\Documents\\React\\Harbiz_recruit-challanges-main\\calendar-spots\\src\\models\\Calendar.ts": {"path":"C:\\Users\\Natalia\\Documents\\React\\Harbiz_recruit-challanges-main\\calendar-spots\\src\\models\\Calendar.ts","statementMap":{"0":{"start":{"line":18,"column":4},"end":{"line":18,"column":null}},"1":{"start":{"line":8,"column":10},"end":{"line":8,"column":null}},"2":{"start":{"line":9,"column":10},"end":{"line":9,"column":null}},"3":{"start":{"line":10,"column":10},"end":{"line":10,"column":null}},"4":{"start":{"line":11,"column":10},"end":{"line":11,"column":null}},"5":{"start":{"line":12,"column":10},"end":{"line":12,"column":null}},"6":{"start":{"line":13,"column":10},"end":{"line":13,"column":null}},"7":{"start":{"line":14,"column":10},"end":{"line":14,"column":null}},"8":{"start":{"line":23,"column":17},"end":{"line":23,"column":63}},"9":{"start":{"line":24,"column":4},"end":{"line":24,"column":46}},"10":{"start":{"line":25,"column":4},"end":{"line":25,"column":44}},"11":{"start":{"line":26,"column":4},"end":{"line":26,"column":28}},"12":{"start":{"line":27,"column":4},"end":{"line":27,"column":34}},"13":{"start":{"line":28,"column":4},"end":{"line":28,"column":35}},"14":{"start":{"line":29,"column":4},"end":{"line":29,"column":35}},"15":{"start":{"line":30,"column":4},"end":{"line":30,"column":41}},"16":{"start":{"line":34,"column":4},"end":{"line":34,"column":34}},"17":{"start":{"line":38,"column":4},"end":{"line":38,"column":37}},"18":{"start":{"line":42,"column":4},"end":{"line":42,"column":77}},"19":{"start":{"line":42,"column":23},"end":{"line":42,"column":77}},"20":{"start":{"line":44,"column":20},"end":{"line":44,"column":58}},"21":{"start":{"line":45,"column":21},"end":{"line":45,"column":43}},"22":{"start":{"line":47,"column":26},"end":{"line":47,"column":110}},"23":{"start":{"line":49,"column":4},"end":{"line":49,"column":127}},"24":{"start":{"line":7,"column":0},"end":{"line":7,"column":13}}},"fnMap":{"0":{"name":"(anonymous_0)","decl":{"start":{"line":16,"column":2},"end":{"line":16,"column":null}},"loc":{"start":{"line":21,"column":35},"end":{"line":31,"column":3}}},"1":{"name":"(anonymous_1)","decl":{"start":{"line":33,"column":2},"end":{"line":33,"column":13}},"loc":{"start":{"line":33,"column":26},"end":{"line":35,"column":3}}},"2":{"name":"(anonymous_2)","decl":{"start":{"line":37,"column":2},"end":{"line":37,"column":13}},"loc":{"start":{"line":37,"column":26},"end":{"line":39,"column":3}}},"3":{"name":"(anonymous_3)","decl":{"start":{"line":41,"column":2},"end":{"line":41,"column":20}},"loc":{"start":{"line":41,"column":51},"end":{"line":50,"column":3}}}},"branchMap":{"0":{"loc":{"start":{"line":34,"column":11},"end":{"line":34,"column":33}},"type":"binary-expr","locations":[{"start":{"line":34,"column":11},"end":{"line":34,"column":27}},{"start":{"line":34,"column":31},"end":{"line":34,"column":33}}]},"1":{"loc":{"start":{"line":38,"column":11},"end":{"line":38,"column":36}},"type":"binary-expr","locations":[{"start":{"line":38,"column":11},"end":{"line":38,"column":30}},{"start":{"line":38,"column":34},"end":{"line":38,"column":36}}]},"2":{"loc":{"start":{"line":42,"column":4},"end":{"line":42,"column":77}},"type":"if","locations":[{"start":{"line":42,"column":4},"end":{"line":42,"column":77}}]}},"s":{"0":4,"1":4,"2":4,"3":4,"4":4,"5":4,"6":4,"7":4,"8":4,"9":4,"10":4,"11":4,"12":4,"13":4,"14":4,"15":4,"16":4,"17":4,"18":4,"19":0,"20":4,"21":4,"22":4,"23":4,"24":1},"f":{"0":4,"1":4,"2":4,"3":4},"b":{"0":[4,0],"1":[4,1],"2":[0]}}
,"C:\\Users\\Natalia\\Documents\\React\\Harbiz_recruit-challanges-main\\calendar-spots\\src\\models\\DataLoader.ts": {"path":"C:\\Users\\Natalia\\Documents\\React\\Harbiz_recruit-challanges-main\\calendar-spots\\src\\models\\DataLoader.ts","statementMap":{"0":{"start":{"line":1,"column":0},"end":{"line":1,"column":34}},"1":{"start":{"line":10,"column":4},"end":{"line":21,"column":5}},"2":{"start":{"line":11,"column":22},"end":{"line":11,"column":85}},"3":{"start":{"line":12,"column":25},"end":{"line":12,"column":44}},"4":{"start":{"line":13,"column":6},"end":{"line":18,"column":8}},"5":{"start":{"line":20,"column":6},"end":{"line":20,"column":70}},"6":{"start":{"line":8,"column":0},"end":{"line":8,"column":13}}},"fnMap":{"0":{"name":"(anonymous_0)","decl":{"start":{"line":9,"column":2},"end":{"line":9,"column":18}},"loc":{"start":{"line":9,"column":39},"end":{"line":22,"column":3}}}},"branchMap":{"0":{"loc":{"start":{"line":16,"column":15},"end":{"line":16,"column":37}},"type":"binary-expr","locations":[{"start":{"line":16,"column":15},"end":{"line":16,"column":31}},{"start":{"line":16,"column":35},"end":{"line":16,"column":37}}]},"1":{"loc":{"start":{"line":17,"column":18},"end":{"line":17,"column":43}},"type":"binary-expr","locations":[{"start":{"line":17,"column":18},"end":{"line":17,"column":37}},{"start":{"line":17,"column":41},"end":{"line":17,"column":43}}]}},"s":{"0":1,"1":4,"2":4,"3":4,"4":4,"5":0,"6":1},"f":{"0":4},"b":{"0":[4,0],"1":[4,0]}}
,"C:\\Users\\Natalia\\Documents\\React\\Harbiz_recruit-challanges-main\\calendar-spots\\src\\models\\SessionManager.ts": {"path":"C:\\Users\\Natalia\\Documents\\React\\Harbiz_recruit-challanges-main\\calendar-spots\\src\\models\\SessionManager.ts","statementMap":{"0":{"start":{"line":10,"column":4},"end":{"line":10,"column":null}},"1":{"start":{"line":14,"column":4},"end":{"line":14,"column":36}},"2":{"start":{"line":14,"column":26},"end":{"line":14,"column":36}},"3":{"start":{"line":15,"column":4},"end":{"line":17,"column":6}},"4":{"start":{"line":16,"column":6},"end":{"line":16,"column":62}},"5":{"start":{"line":21,"column":23},"end":{"line":21,"column":28}},"6":{"start":{"line":22,"column":26},"end":{"line":28,"column":6}},"7":{"start":{"line":23,"column":6},"end":{"line":26,"column":7}},"8":{"start":{"line":24,"column":8},"end":{"line":24,"column":28}},"9":{"start":{"line":25,"column":8},"end":{"line":25,"column":82}},"10":{"start":{"line":27,"column":6},"end":{"line":27,"column":16}},"11":{"start":{"line":29,"column":4},"end":{"line":29,"column":52}},"12":{"start":{"line":8,"column":0},"end":{"line":8,"column":13}}},"fnMap":{"0":{"name":"(anonymous_0)","decl":{"start":{"line":9,"column":2},"end":{"line":9,"column":null}},"loc":{"start":{"line":10,"column":37},"end":{"line":11,"column":6}}},"1":{"name":"(anonymous_1)","decl":{"start":{"line":13,"column":2},"end":{"line":13,"column":23}},"loc":{"start":{"line":13,"column":75},"end":{"line":18,"column":3}}},"2":{"name":"(anonymous_2)","decl":{"start":{"line":15,"column":28},"end":{"line":15,"column":35}},"loc":{"start":{"line":16,"column":6},"end":{"line":16,"column":62}}},"3":{"name":"(anonymous_3)","decl":{"start":{"line":20,"column":10},"end":{"line":20,"column":33}},"loc":{"start":{"line":20,"column":82},"end":{"line":30,"column":3}}},"4":{"name":"(anonymous_4)","decl":{"start":{"line":22,"column":43},"end":{"line":22,"column":54}},"loc":{"start":{"line":22,"column":57},"end":{"line":28,"column":5}}}},"branchMap":{"0":{"loc":{"start":{"line":14,"column":4},"end":{"line":14,"column":36}},"type":"if","locations":[{"start":{"line":14,"column":4},"end":{"line":14,"column":36}}]},"1":{"loc":{"start":{"line":23,"column":6},"end":{"line":26,"column":7}},"type":"if","locations":[{"start":{"line":23,"column":6},"end":{"line":26,"column":7}}]},"2":{"loc":{"start":{"line":29,"column":11},"end":{"line":29,"column":51}},"type":"cond-expr","locations":[{"start":{"line":29,"column":26},"end":{"line":29,"column":39}},{"start":{"line":29,"column":42},"end":{"line":29,"column":51}}]}},"s":{"0":4,"1":4,"2":1,"3":3,"4":9,"5":9,"6":9,"7":15,"8":5,"9":5,"10":10,"11":9,"12":1},"f":{"0":4,"1":4,"2":9,"3":9,"4":15},"b":{"0":[1],"1":[5],"2":[5,4]}}
,"C:\\Users\\Natalia\\Documents\\React\\Harbiz_recruit-challanges-main\\calendar-spots\\src\\models\\SlotManager.ts": {"path":"C:\\Users\\Natalia\\Documents\\React\\Harbiz_recruit-challanges-main\\calendar-spots\\src\\models\\SlotManager.ts","statementMap":{"0":{"start":{"line":2,"column":0},"end":{"line":2,"column":38}},"1":{"start":{"line":13,"column":14},"end":{"line":13,"column":49}},"2":{"start":{"line":17,"column":44},"end":{"line":17,"column":46}},"3":{"start":{"line":18,"column":4},"end":{"line":28,"column":7}},"4":{"start":{"line":19,"column":18},"end":{"line":19,"column":28}},"5":{"start":{"line":21,"column":6},"end":{"line":27,"column":27}},"6":{"start":{"line":22,"column":8},"end":{"line":22,"column":113}},"7":{"start":{"line":23,"column":8},"end":{"line":26,"column":9}},"8":{"start":{"line":24,"column":10},"end":{"line":24,"column":42}},"9":{"start":{"line":25,"column":10},"end":{"line":25,"column":75}},"10":{"start":{"line":29,"column":4},"end":{"line":29,"column":26}},"11":{"start":{"line":33,"column":23},"end":{"line":33,"column":75}},"12":{"start":{"line":34,"column":21},"end":{"line":34,"column":71}},"13":{"start":{"line":35,"column":23},"end":{"line":35,"column":75}},"14":{"start":{"line":36,"column":21},"end":{"line":36,"column":71}},"15":{"start":{"line":37,"column":4},"end":{"line":37,"column":85}},"16":{"start":{"line":41,"column":21},"end":{"line":41,"column":75}},"17":{"start":{"line":42,"column":19},"end":{"line":42,"column":71}},"18":{"start":{"line":43,"column":25},"end":{"line":43,"column":83}},"19":{"start":{"line":44,"column":23},"end":{"line":44,"column":79}},"20":{"start":{"line":45,"column":4},"end":{"line":45,"column":91}},"21":{"start":{"line":56,"column":22},"end":{"line":56,"column":72}},"22":{"start":{"line":57,"column":20},"end":{"line":57,"column":84}},"23":{"start":{"line":58,"column":4},"end":{"line":60,"column":5}},"24":{"start":{"line":59,"column":6},"end":{"line":59,"column":18}},"25":{"start":{"line":61,"column":4},"end":{"line":66,"column":6}},"26":{"start":{"line":11,"column":0},"end":{"line":11,"column":13}}},"fnMap":{"0":{"name":"(anonymous_0)","decl":{"start":{"line":13,"column":2},"end":{"line":13,"column":14}},"loc":{"start":{"line":13,"column":46},"end":{"line":13,"column":50}}},"1":{"name":"(anonymous_1)","decl":{"start":{"line":15,"column":2},"end":{"line":15,"column":25}},"loc":{"start":{"line":16,"column":25},"end":{"line":30,"column":3}}},"2":{"name":"(anonymous_2)","decl":{"start":{"line":18,"column":18},"end":{"line":18,"column":22}},"loc":{"start":{"line":18,"column":25},"end":{"line":28,"column":5}}},"3":{"name":"(anonymous_3)","decl":{"start":{"line":32,"column":2},"end":{"line":32,"column":19}},"loc":{"start":{"line":32,"column":61},"end":{"line":38,"column":3}}},"4":{"name":"(anonymous_4)","decl":{"start":{"line":40,"column":2},"end":{"line":40,"column":20}},"loc":{"start":{"line":40,"column":70},"end":{"line":46,"column":3}}},"5":{"name":"(anonymous_5)","decl":{"start":{"line":48,"column":10},"end":{"line":48,"column":29}},"loc":{"start":{"line":54,"column":25},"end":{"line":67,"column":3}}}},"branchMap":{"0":{"loc":{"start":{"line":23,"column":8},"end":{"line":26,"column":9}},"type":"if","locations":[{"start":{"line":23,"column":8},"end":{"line":26,"column":9}}]},"1":{"loc":{"start":{"line":58,"column":4},"end":{"line":60,"column":5}},"type":"if","locations":[{"start":{"line":58,"column":4},"end":{"line":60,"column":5}}]}},"s":{"0":1,"1":4,"2":4,"3":4,"4":4,"5":4,"6":7,"7":7,"8":3,"9":3,"10":4,"11":15,"12":15,"13":15,"14":15,"15":15,"16":5,"17":5,"18":5,"19":5,"20":5,"21":7,"22":7,"23":7,"24":4,"25":3,"26":1},"f":{"0":4,"1":4,"2":4,"3":15,"4":5,"5":7},"b":{"0":[3],"1":[4]}}
}
