TN:
SF:src\index.ts
FN:6,getAvailableSpots
FNF:1
FNH:1
FNDA:4,getAvailableSpots
DA:2,1
DA:6,1
DA:7,4
DA:8,4
DA:12,1
LF:5
LH:5
BRF:0
BRH:0
end_of_record
TN:
SF:src\helpers\DateHandler.ts
FN:6,(anonymous_0)
FN:11,(anonymous_1)
FN:15,(anonymous_2)
FN:19,(anonymous_3)
FN:23,(anonymous_4)
FN:30,(anonymous_5)
FNF:6
FNH:6
FNDA:94,(anonymous_0)
FNDA:4,(anonymous_1)
FNDA:3,(anonymous_2)
FNDA:7,(anonymous_3)
FNDA:15,(anonymous_4)
FNDA:5,(anonymous_5)
DA:1,1
DA:2,1
DA:5,1
DA:7,94
DA:8,94
DA:12,4
DA:16,3
DA:20,7
DA:24,15
DA:31,5
DA:32,5
DA:33,0
DA:35,5
DA:36,0
DA:38,5
LF:15
LH:13
BRDA:24,0,0,15
BRDA:24,0,1,3
BRDA:24,0,2,15
BRDA:24,0,3,5
BRDA:24,0,4,15
BRDA:24,0,5,3
BRDA:24,0,6,15
BRDA:24,0,7,5
BRDA:32,1,0,0
BRDA:35,2,0,0
BRF:10
BRH:8
end_of_record
TN:
SF:src\models\Calendar.ts
FN:16,(anonymous_0)
FN:31,(anonymous_1)
FN:35,(anonymous_2)
FN:39,(anonymous_3)
FNF:4
FNH:4
FNDA:4,(anonymous_0)
FNDA:4,(anonymous_1)
FNDA:4,(anonymous_2)
FNDA:4,(anonymous_3)
DA:2,1
DA:3,1
DA:4,1
DA:5,1
DA:7,1
DA:8,4
DA:9,4
DA:10,4
DA:11,4
DA:12,4
DA:13,4
DA:14,4
DA:18,4
DA:21,4
DA:22,4
DA:23,4
DA:24,4
DA:25,4
DA:26,4
DA:27,4
DA:28,4
DA:32,4
DA:36,4
DA:40,4
DA:42,4
DA:43,4
DA:45,4
DA:47,4
LF:28
LH:28
BRDA:18,0,0,4
BRDA:19,1,0,4
BRDA:32,2,0,4
BRDA:32,2,1,0
BRDA:36,3,0,4
BRDA:36,3,1,1
BRDA:40,4,0,0
BRF:7
BRH:5
end_of_record
TN:
SF:src\models\DataLoader.ts
FN:9,(anonymous_0)
FNF:1
FNH:1
FNDA:4,(anonymous_0)
DA:1,1
DA:8,1
DA:10,4
DA:11,4
DA:12,4
DA:13,4
DA:20,0
LF:7
LH:6
BRDA:16,0,0,4
BRDA:16,0,1,0
BRDA:17,1,0,4
BRDA:17,1,1,0
BRF:4
BRH:2
end_of_record
TN:
SF:src\models\SessionManager.ts
FN:9,(anonymous_0)
FN:13,(anonymous_1)
FN:15,(anonymous_2)
FN:20,(anonymous_3)
FN:22,(anonymous_4)
FNF:5
FNH:5
FNDA:4,(anonymous_0)
FNDA:4,(anonymous_1)
FNDA:9,(anonymous_2)
FNDA:9,(anonymous_3)
FNDA:15,(anonymous_4)
DA:8,1
DA:10,4
DA:14,4
DA:15,3
DA:16,9
DA:21,9
DA:22,9
DA:23,15
DA:24,5
DA:25,5
DA:27,10
DA:29,9
LF:12
LH:12
BRDA:14,0,0,1
BRDA:23,1,0,5
BRDA:29,2,0,5
BRDA:29,2,1,4
BRF:4
BRH:4
end_of_record
TN:
SF:src\models\SlotManager.ts
FN:13,(anonymous_0)
FN:15,(anonymous_1)
FN:17,(anonymous_2)
FN:31,(anonymous_3)
FN:39,(anonymous_4)
FN:47,(anonymous_5)
FNF:6
FNH:6
FNDA:4,(anonymous_0)
FNDA:4,(anonymous_1)
FNDA:4,(anonymous_2)
FNDA:15,(anonymous_3)
FNDA:5,(anonymous_4)
FNDA:7,(anonymous_5)
DA:2,1
DA:11,1
DA:13,4
DA:16,4
DA:17,4
DA:18,4
DA:20,4
DA:21,7
DA:22,7
DA:23,3
DA:24,3
DA:28,4
DA:32,15
DA:33,15
DA:34,15
DA:35,15
DA:36,15
DA:40,5
DA:41,5
DA:42,5
DA:43,5
DA:44,5
DA:48,7
DA:49,7
DA:50,7
DA:51,4
DA:53,3
LF:27
LH:27
BRDA:22,0,0,3
BRDA:50,1,0,4
BRF:2
BRH:2
end_of_record
