TN:
SF:src\index.ts
FN:6,getAvailableSpots
FNF:1
FNH:1
FNDA:4,getAvailableSpots
DA:2,1
DA:6,1
DA:7,4
DA:8,4
DA:12,1
LF:5
LH:5
BRF:0
BRH:0
end_of_record
TN:
SF:src\helpers\DateHandler.ts
FN:6,(anonymous_0)
FN:11,(anonymous_1)
FN:15,(anonymous_2)
FN:19,(anonymous_3)
FN:23,(anonymous_4)
FN:30,(anonymous_5)
FNF:6
FNH:6
FNDA:74,(anonymous_0)
FNDA:4,(anonymous_1)
FNDA:3,(anonymous_2)
FNDA:7,(anonymous_3)
FNDA:15,(anonymous_4)
FNDA:5,(anonymous_5)
DA:1,1
DA:2,1
DA:5,1
DA:7,74
DA:8,74
DA:12,4
DA:16,3
DA:20,7
DA:24,15
DA:31,5
DA:32,5
DA:33,0
DA:35,5
DA:36,0
DA:38,5
LF:15
LH:13
BRDA:24,0,0,15
BRDA:24,0,1,3
BRDA:24,0,2,15
BRDA:24,0,3,5
BRDA:24,0,4,15
BRDA:24,0,5,3
BRDA:24,0,6,15
BRDA:24,0,7,5
BRDA:32,1,0,0
BRDA:35,2,0,0
BRF:10
BRH:8
end_of_record
TN:
SF:src\models\Calendar.ts
FN:26,(anonymous_1)
FN:30,(anonymous_2)
FN:34,(anonymous_3)
FN:41,(anonymous_4)
FN:42,(anonymous_5)
FN:47,(anonymous_6)
FN:50,(anonymous_7)
FN:67,(anonymous_8)
FN:68,(anonymous_9)
FN:83,(anonymous_10)
FNF:10
FNH:10
FNDA:4,(anonymous_1)
FNDA:9,(anonymous_2)
FNDA:4,(anonymous_3)
FNDA:4,(anonymous_4)
FNDA:9,(anonymous_5)
FNDA:9,(anonymous_6)
FNDA:15,(anonymous_7)
FNDA:4,(anonymous_8)
FNDA:4,(anonymous_9)
FNDA:7,(anonymous_10)
DA:1,1
DA:3,1
DA:4,1
DA:6,1
DA:7,4
DA:8,4
DA:9,4
DA:10,4
DA:11,4
DA:15,4
DA:18,4
DA:19,4
DA:20,4
DA:21,4
DA:22,4
DA:23,4
DA:27,4
DA:31,9
DA:35,4
DA:36,4
DA:37,4
DA:38,4
DA:42,4
DA:43,9
DA:48,9
DA:49,9
DA:50,9
DA:51,15
DA:52,15
DA:53,15
DA:54,15
DA:56,15
DA:57,5
DA:58,5
DA:61,10
DA:64,9
DA:68,4
DA:69,4
DA:70,4
DA:72,4
DA:73,7
DA:74,7
DA:75,3
DA:76,3
DA:79,4
DA:84,7
DA:85,7
DA:86,7
DA:87,7
DA:89,7
DA:90,4
DA:93,3
LF:52
LH:52
BRDA:15,0,0,4
BRDA:16,1,0,4
BRDA:27,2,0,4
BRDA:27,2,1,0
BRDA:31,3,0,9
BRDA:31,3,1,0
BRDA:56,4,0,5
BRDA:64,5,0,5
BRDA:64,5,1,4
BRDA:74,6,0,3
BRDA:89,7,0,4
BRF:11
BRH:9
end_of_record
TN:
SF:src\models\DataLoader.ts
FN:9,(anonymous_0)
FNF:1
FNH:1
FNDA:4,(anonymous_0)
DA:1,1
DA:8,1
DA:10,4
DA:11,4
DA:12,4
DA:13,4
DA:20,0
LF:7
LH:6
BRDA:16,0,0,4
BRDA:16,0,1,0
BRDA:17,1,0,4
BRDA:17,1,1,0
BRF:4
BRH:2
end_of_record
